<?xml version="1.0" encoding="UTF-8"?>
<!-- Generated by org.testng.reporters.JUnitReportReporter -->
<testsuite hostname="WebCARE" failures="0" tests="1" name="firstDemoTest.statusCodeGet" time="2.117" errors="0" timestamp="2023-09-13T19:23:37 IST" skipped="0">
  <testcase classname="firstDemoTest.statusCodeGet" name="testStatusCode" time="2.117"/>
</testsuite> <!-- firstDemoTest.statusCodeGet -->
