<?xml version="1.0" encoding="UTF-8"?>
<!-- Generated by org.testng.reporters.JUnitReportReporter -->
<testsuite hostname="WebCARE" failures="0" tests="1" name="firstDemoTest.getMethodTest" time="1.966" errors="0" timestamp="2023-09-12T14:04:22 IST" skipped="0">
  <testcase classname="firstDemoTest.getMethodTest" name="getMethodTest" time="1.966"/>
</testsuite> <!-- firstDemoTest.getMethodTest -->
